<?xml version="1.0" encoding="UTF-8"?>
<testng-results skipped="0" failed="0" ignored="0" total="5" passed="5">
  <reporter-output>
  </reporter-output>
  <suite name="Default suite" duration-ms="37412" started-at="2020-05-12T03:23:07Z" finished-at="2020-05-12T03:23:45Z">
    <groups>
    </groups>
    <test name="Default test" duration-ms="37412" started-at="2020-05-12T03:23:07Z" finished-at="2020-05-12T03:23:45Z">
      <class name="org.runtestng.RunTestCases">
        <test-method status="PASS" signature="urlLaunch()[pri:0, instance:org.runtestng.RunTestCases@49993335]" name="urlLaunch" is-config="true" duration-ms="10117" started-at="2020-05-12T03:23:07Z" finished-at="2020-05-12T03:23:18Z">
          <reporter-output>
          </reporter-output>
        </test-method> <!-- urlLaunch -->
        <test-method status="PASS" signature="loginMethod()[pri:0, instance:org.runtestng.RunTestCases@49993335]" name="loginMethod" duration-ms="8536" started-at="2020-05-12T03:23:18Z" finished-at="2020-05-12T03:23:26Z">
          <reporter-output>
          </reporter-output>
        </test-method> <!-- loginMethod -->
        <test-method status="PASS" signature="checkIn()[pri:1, instance:org.runtestng.RunTestCases@49993335]" name="checkIn" duration-ms="7217" started-at="2020-05-12T03:23:26Z" finished-at="2020-05-12T03:23:33Z">
          <reporter-output>
          </reporter-output>
        </test-method> <!-- checkIn -->
        <test-method status="PASS" signature="hotelSelect()[pri:2, instance:org.runtestng.RunTestCases@49993335]" name="hotelSelect" duration-ms="2397" started-at="2020-05-12T03:23:33Z" finished-at="2020-05-12T03:23:36Z">
          <reporter-output>
          </reporter-output>
        </test-method> <!-- hotelSelect -->
        <test-method status="PASS" signature="hotelBook()[pri:3, instance:org.runtestng.RunTestCases@49993335]" name="hotelBook" duration-ms="9090" started-at="2020-05-12T03:23:36Z" finished-at="2020-05-12T03:23:45Z">
          <reporter-output>
          </reporter-output>
        </test-method> <!-- hotelBook -->
        <test-method status="PASS" signature="bookingConfirm()[pri:4, instance:org.runtestng.RunTestCases@49993335]" name="bookingConfirm" duration-ms="33" started-at="2020-05-12T03:23:45Z" finished-at="2020-05-12T03:23:45Z">
          <reporter-output>
          </reporter-output>
        </test-method> <!-- bookingConfirm -->
      </class> <!-- org.runtestng.RunTestCases -->
    </test> <!-- Default test -->
  </suite> <!-- Default suite -->
</testng-results>
